<?xml version="1.0" encoding="UTF-8"?>
<!-- Generated by org.testng.reporters.JUnitXMLReporter -->
<testsuite ignored="0" hostname="yogesh" failures="0" tests="14" name="FunctionalTests" time="5.505" errors="0" timestamp="2025-08-13T10:53:47 IST">
  <testcase classname="tests.BaseTest" name="@BeforeClass beforeClass" time="5.249">
    <failure type="java.lang.RuntimeException" message="Driver initialization failed for: chrome">
      <![CDATA[java.lang.RuntimeException: Driver initialization failed for: chrome
at utils.DriverFactory.initializeDriverWithAutoVersion(DriverFactory.java:41)
at tests.BaseTest.beforeClass(BaseTest.java:45)
at java.base/java.util.ArrayList.forEach(ArrayList.java:1596)
Caused by: org.openqa.selenium.SessionNotCreatedException: Could not start a new session. Response code 500. Message: session not created: This version of ChromeDriver only supports Chrome version 114
Current browser version is 138.0.7204.184 with binary path C:\Program Files\Google\Chrome\Application\chrome.exe 
Host info: host: 'YOGESH', ip: '192.168.31.10'
Build info: version: '4.15.0', revision: '1d14b5521b'
System info: os.name: 'Windows 11', os.arch: 'amd64', os.version: '10.0', java.version: '21.0.8'
Driver info: org.openqa.selenium.chrome.ChromeDriver
Command: [null, newSession {capabilities=[Capabilities {browserName: chrome, goog:chromeOptions: {args: [--disable-dev-shm-usage, --no-sandbox, --disable-extensions, --disable-gpu, --window-size=1920,1080], extensions: []}}]}]
at org.openqa.selenium.remote.ProtocolHandshake.createSession(ProtocolHandshake.java:140)
at org.openqa.selenium.remote.ProtocolHandshake.createSession(ProtocolHandshake.java:96)
at org.openqa.selenium.remote.ProtocolHandshake.createSession(ProtocolHandshake.java:68)
at org.openqa.selenium.remote.HttpCommandExecutor.execute(HttpCommandExecutor.java:163)
at org.openqa.selenium.remote.service.DriverCommandExecutor.invokeExecute(DriverCommandExecutor.java:200)
at org.openqa.selenium.remote.service.DriverCommandExecutor.execute(DriverCommandExecutor.java:175)
at org.openqa.selenium.remote.RemoteWebDriver.execute(RemoteWebDriver.java:607)
at org.openqa.selenium.remote.RemoteWebDriver.startSession(RemoteWebDriver.java:241)
at org.openqa.selenium.remote.RemoteWebDriver.<init>(RemoteWebDriver.java:168)
at org.openqa.selenium.chromium.ChromiumDriver.<init>(ChromiumDriver.java:108)
at org.openqa.selenium.chrome.ChromeDriver.<init>(ChromeDriver.java:89)
at org.openqa.selenium.chrome.ChromeDriver.<init>(ChromeDriver.java:84)
at org.openqa.selenium.chrome.ChromeDriver.<init>(ChromeDriver.java:73)
at utils.DriverFactory.createChromeDriver(DriverFactory.java:76)
at utils.DriverFactory.createDriverAutoVersion(DriverFactory.java:52)
at utils.DriverFactory.initializeDriverWithAutoVersion(DriverFactory.java:35)
... 25 more
... Removed 23 stack frames]]>
    </failure>
  </testcase> <!-- @BeforeClass beforeClass -->
  <testcase classname="tests.FunctionalTests" name="testPageLoad" time="0.0">
    <skipped/>
  </testcase> <!-- testPageLoad -->
  <testcase classname="tests.FunctionalTests" name="testMobileNumberInput" time="0.0">
    <skipped/>
  </testcase> <!-- testMobileNumberInput -->
  <testcase classname="tests.FunctionalTests" name="testPANInput" time="0.0">
    <skipped/>
  </testcase> <!-- testPANInput -->
  <testcase classname="tests.FunctionalTests" name="testTermsCheckbox" time="0.0">
    <skipped/>
  </testcase> <!-- testTermsCheckbox -->
  <testcase classname="tests.FunctionalTests" name="testValidFormSubmission" time="0.0">
    <skipped/>
  </testcase> <!-- testValidFormSubmission -->
  <testcase classname="tests.FunctionalTests" name="testNavigationMenu" time="0.0">
    <skipped/>
  </testcase> <!-- testNavigationMenu -->
  <testcase classname="tests.FunctionalTests" name="testFooterLinks" time="0.0">
    <skipped/>
  </testcase> <!-- testFooterLinks -->
  <testcase classname="tests.FunctionalTests" name="testSocialMediaLinks" time="0.0">
    <skipped/>
  </testcase> <!-- testSocialMediaLinks -->
  <testcase classname="tests.FunctionalTests" name="testFAQSection" time="0.001">
    <skipped/>
  </testcase> <!-- testFAQSection -->
  <testcase classname="tests.FunctionalTests" name="testPartnerLogos" time="0.0">
    <skipped/>
  </testcase> <!-- testPartnerLogos -->
  <testcase classname="tests.FunctionalTests" name="testHowItWorksSection" time="0.0">
    <skipped/>
  </testcase> <!-- testHowItWorksSection -->
  <testcase classname="tests.FunctionalTests" name="testBenefitsSection" time="0.0">
    <skipped/>
  </testcase> <!-- testBenefitsSection -->
  <testcase classname="tests.FunctionalTests" name="testFormReset" time="0.0">
    <skipped/>
  </testcase> <!-- testFormReset -->
  <testcase classname="tests.FunctionalTests" name="testPageRefresh" time="0.0">
    <skipped/>
  </testcase> <!-- testPageRefresh -->
</testsuite> <!-- FunctionalTests -->
