<?xml version="1.0" encoding="UTF-8"?>
<!-- Generated by org.testng.reporters.JUnitXMLReporter -->
<testsuite ignored="0" hostname="yogesh" failures="0" tests="33" name="ValidationTests" time="1.698" errors="0" timestamp="2025-08-13T10:53:49 IST">
  <testcase classname="tests.ValidationTests" name="testValidMobileNumberFormat" time="0.0">
    <skipped/>
  </testcase> <!-- testValidMobileNumberFormat -->
  <testcase classname="tests.ValidationTests" name="testInvalidMobileNumberFormat" time="0.001">
    <skipped/>
  </testcase> <!-- testInvalidMobileNumberFormat -->
  <testcase classname="tests.ValidationTests" name="testInvalidMobileNumberFormat" time="0.0">
    <skipped/>
  </testcase> <!-- testInvalidMobileNumberFormat -->
  <testcase classname="tests.ValidationTests" name="testInvalidMobileNumberFormat" time="0.0">
    <skipped/>
  </testcase> <!-- testInvalidMobileNumberFormat -->
  <testcase classname="tests.ValidationTests" name="testInvalidMobileNumberFormat" time="0.001">
    <skipped/>
  </testcase> <!-- testInvalidMobileNumberFormat -->
  <testcase classname="tests.ValidationTests" name="testInvalidMobileNumberFormat" time="0.0">
    <skipped/>
  </testcase> <!-- testInvalidMobileNumberFormat -->
  <testcase classname="tests.ValidationTests" name="testInvalidMobileNumberFormat" time="0.0">
    <skipped/>
  </testcase> <!-- testInvalidMobileNumberFormat -->
  <testcase classname="tests.ValidationTests" name="testInvalidMobileNumberFormat" time="0.0">
    <skipped/>
  </testcase> <!-- testInvalidMobileNumberFormat -->
  <testcase classname="tests.ValidationTests" name="testInvalidMobileNumberFormat" time="0.001">
    <skipped/>
  </testcase> <!-- testInvalidMobileNumberFormat -->
  <testcase classname="tests.ValidationTests" name="testValidPANFormat" time="0.0">
    <skipped/>
  </testcase> <!-- testValidPANFormat -->
  <testcase classname="tests.ValidationTests" name="testInvalidPANFormat" time="0.001">
    <skipped/>
  </testcase> <!-- testInvalidPANFormat -->
  <testcase classname="tests.ValidationTests" name="testInvalidPANFormat" time="0.0">
    <skipped/>
  </testcase> <!-- testInvalidPANFormat -->
  <testcase classname="tests.ValidationTests" name="testInvalidPANFormat" time="0.0">
    <skipped/>
  </testcase> <!-- testInvalidPANFormat -->
  <testcase classname="tests.ValidationTests" name="testInvalidPANFormat" time="0.001">
    <skipped/>
  </testcase> <!-- testInvalidPANFormat -->
  <testcase classname="tests.ValidationTests" name="testInvalidPANFormat" time="0.0">
    <skipped/>
  </testcase> <!-- testInvalidPANFormat -->
  <testcase classname="tests.ValidationTests" name="testInvalidPANFormat" time="0.0">
    <skipped/>
  </testcase> <!-- testInvalidPANFormat -->
  <testcase classname="tests.ValidationTests" name="testInvalidPANFormat" time="0.0">
    <skipped/>
  </testcase> <!-- testInvalidPANFormat -->
  <testcase classname="tests.ValidationTests" name="testInvalidPANFormat" time="0.0">
    <skipped/>
  </testcase> <!-- testInvalidPANFormat -->
  <testcase classname="tests.ValidationTests" name="testMandatoryMobileField" time="0.0">
    <skipped/>
  </testcase> <!-- testMandatoryMobileField -->
  <testcase classname="tests.ValidationTests" name="testMandatoryPANField" time="0.0">
    <skipped/>
  </testcase> <!-- testMandatoryPANField -->
  <testcase classname="tests.ValidationTests" name="testMandatoryTermsAcceptance" time="0.0">
    <skipped/>
  </testcase> <!-- testMandatoryTermsAcceptance -->
  <testcase classname="tests.ValidationTests" name="testErrorMessageDisplay" time="0.0">
    <skipped/>
  </testcase> <!-- testErrorMessageDisplay -->
  <testcase classname="tests.ValidationTests" name="testSpecialCharactersInMobile" time="0.0">
    <skipped/>
  </testcase> <!-- testSpecialCharactersInMobile -->
  <testcase classname="tests.ValidationTests" name="testSpecialCharactersInMobile" time="0.0">
    <skipped/>
  </testcase> <!-- testSpecialCharactersInMobile -->
  <testcase classname="tests.ValidationTests" name="testSpecialCharactersInMobile" time="0.0">
    <skipped/>
  </testcase> <!-- testSpecialCharactersInMobile -->
  <testcase classname="tests.ValidationTests" name="testSpecialCharactersInMobile" time="0.0">
    <skipped/>
  </testcase> <!-- testSpecialCharactersInMobile -->
  <testcase classname="tests.ValidationTests" name="testSpecialCharactersInMobile" time="0.0">
    <skipped/>
  </testcase> <!-- testSpecialCharactersInMobile -->
  <testcase classname="tests.ValidationTests" name="testSpecialCharactersInMobile" time="0.0">
    <skipped/>
  </testcase> <!-- testSpecialCharactersInMobile -->
  <testcase classname="tests.ValidationTests" name="testCaseSensitivityInPAN" time="0.0">
    <skipped/>
  </testcase> <!-- testCaseSensitivityInPAN -->
  <testcase classname="tests.ValidationTests" name="testCaseSensitivityInPAN" time="0.0">
    <skipped/>
  </testcase> <!-- testCaseSensitivityInPAN -->
  <testcase classname="tests.ValidationTests" name="testCaseSensitivityInPAN" time="0.0">
    <skipped/>
  </testcase> <!-- testCaseSensitivityInPAN -->
  <testcase classname="tests.ValidationTests" name="testCaseSensitivityInPAN" time="0.0">
    <skipped/>
  </testcase> <!-- testCaseSensitivityInPAN -->
  <testcase classname="tests.ValidationTests" name="testFieldLengthRestrictions" time="0.0">
    <skipped/>
  </testcase> <!-- testFieldLengthRestrictions -->
</testsuite> <!-- ValidationTests -->
