<?xml version="1.0" encoding="UTF-8"?>
<!-- Generated by org.testng.reporters.JUnitReportReporter -->
<testsuite hostname="yogesh" failures="0" tests="15" name="tests.FunctionalTests" time="5.292" errors="1" timestamp="2025-08-13T10:53:50 IST" skipped="14">
  <testcase classname="tests.FunctionalTests" name="beforeClass" time="5.251">
    <error message="Driver initialization failed for: chrome" type="java.lang.RuntimeException">
      <![CDATA[java.lang.RuntimeException: Driver initialization failed for: chrome
at utils.DriverFactory.initializeDriverWithAutoVersion(DriverFactory.java:41)
at tests.BaseTest.beforeClass(BaseTest.java:45)
at java.base/jdk.internal.reflect.DirectMethodHandleAccessor.invoke(DirectMethodHandleAccessor.java:103)
at java.base/java.lang.reflect.Method.invoke(Method.java:580)
at org.testng.internal.invokers.MethodInvocationHelper.invokeMethod(MethodInvocationHelper.java:139)
at org.testng.internal.invokers.MethodInvocationHelper.invokeMethodConsideringTimeout(MethodInvocationHelper.java:69)
at org.testng.internal.invokers.ConfigInvoker.invokeConfigurationMethod(ConfigInvoker.java:390)
at org.testng.internal.invokers.ConfigInvoker.invokeConfigurations(ConfigInvoker.java:325)
at org.testng.internal.invokers.TestMethodWorker.invokeBeforeClassMethods(TestMethodWorker.java:180)
at org.testng.internal.invokers.TestMethodWorker.run(TestMethodWorker.java:122)
at java.base/java.util.ArrayList.forEach(ArrayList.java:1596)
at org.testng.TestRunner.privateRun(TestRunner.java:848)
at org.testng.TestRunner.run(TestRunner.java:621)
at org.testng.SuiteRunner.runTest(SuiteRunner.java:443)
at org.testng.SuiteRunner.runSequentially(SuiteRunner.java:437)
at org.testng.SuiteRunner.privateRun(SuiteRunner.java:397)
at org.testng.SuiteRunner.run(SuiteRunner.java:336)
at org.testng.SuiteRunnerWorker.runSuite(SuiteRunnerWorker.java:52)
at org.testng.SuiteRunnerWorker.run(SuiteRunnerWorker.java:95)
at org.testng.TestNG.runSuitesSequentially(TestNG.java:1280)
at org.testng.TestNG.runSuitesLocally(TestNG.java:1200)
at org.testng.TestNG.runSuites(TestNG.java:1114)
at org.testng.TestNG.run(TestNG.java:1082)
at org.testng.remote.AbstractRemoteTestNG.run(AbstractRemoteTestNG.java:115)
at org.testng.remote.RemoteTestNG.initAndRun(RemoteTestNG.java:293)
at org.testng.remote.RemoteTestNG.main(RemoteTestNG.java:91)
Caused by: org.openqa.selenium.SessionNotCreatedException: Could not start a new session. Response code 500. Message: session not created: This version of ChromeDriver only supports Chrome version 114
Current browser version is 138.0.7204.184 with binary path C:\Program Files\Google\Chrome\Application\chrome.exe 
Host info: host: 'YOGESH', ip: '192.168.31.10'
Build info: version: '4.15.0', revision: '1d14b5521b'
System info: os.name: 'Windows 11', os.arch: 'amd64', os.version: '10.0', java.version: '21.0.8'
Driver info: org.openqa.selenium.chrome.ChromeDriver
Command: [null, newSession {capabilities=[Capabilities {browserName: chrome, goog:chromeOptions: {args: [--disable-dev-shm-usage, --no-sandbox, --disable-extensions, --disable-gpu, --window-size=1920,1080], extensions: []}}]}]
at org.openqa.selenium.remote.ProtocolHandshake.createSession(ProtocolHandshake.java:140)
at org.openqa.selenium.remote.ProtocolHandshake.createSession(ProtocolHandshake.java:96)
at org.openqa.selenium.remote.ProtocolHandshake.createSession(ProtocolHandshake.java:68)
at org.openqa.selenium.remote.HttpCommandExecutor.execute(HttpCommandExecutor.java:163)
at org.openqa.selenium.remote.service.DriverCommandExecutor.invokeExecute(DriverCommandExecutor.java:200)
at org.openqa.selenium.remote.service.DriverCommandExecutor.execute(DriverCommandExecutor.java:175)
at org.openqa.selenium.remote.RemoteWebDriver.execute(RemoteWebDriver.java:607)
at org.openqa.selenium.remote.RemoteWebDriver.startSession(RemoteWebDriver.java:241)
at org.openqa.selenium.remote.RemoteWebDriver.<init>(RemoteWebDriver.java:168)
at org.openqa.selenium.chromium.ChromiumDriver.<init>(ChromiumDriver.java:108)
at org.openqa.selenium.chrome.ChromeDriver.<init>(ChromeDriver.java:89)
at org.openqa.selenium.chrome.ChromeDriver.<init>(ChromeDriver.java:84)
at org.openqa.selenium.chrome.ChromeDriver.<init>(ChromeDriver.java:73)
at utils.DriverFactory.createChromeDriver(DriverFactory.java:76)
at utils.DriverFactory.createDriverAutoVersion(DriverFactory.java:52)
at utils.DriverFactory.initializeDriverWithAutoVersion(DriverFactory.java:35)
... 25 more
]]>
    </error>
  </testcase> <!-- beforeClass -->
  <testcase classname="tests.FunctionalTests" name="testPageLoad" time="0.018">
    <skipped/>
  </testcase> <!-- testPageLoad -->
  <testcase classname="tests.FunctionalTests" name="testMobileNumberInput" time="0.003">
    <skipped/>
  </testcase> <!-- testMobileNumberInput -->
  <testcase classname="tests.FunctionalTests" name="testPANInput" time="0.001">
    <skipped/>
  </testcase> <!-- testPANInput -->
  <testcase classname="tests.FunctionalTests" name="testTermsCheckbox" time="0.002">
    <skipped/>
  </testcase> <!-- testTermsCheckbox -->
  <testcase classname="tests.FunctionalTests" name="testValidFormSubmission" time="0.001">
    <skipped/>
  </testcase> <!-- testValidFormSubmission -->
  <testcase classname="tests.FunctionalTests" name="testNavigationMenu" time="0.001">
    <skipped/>
  </testcase> <!-- testNavigationMenu -->
  <testcase classname="tests.FunctionalTests" name="testFooterLinks" time="0.002">
    <skipped/>
  </testcase> <!-- testFooterLinks -->
  <testcase classname="tests.FunctionalTests" name="testSocialMediaLinks" time="0.003">
    <skipped/>
  </testcase> <!-- testSocialMediaLinks -->
  <testcase classname="tests.FunctionalTests" name="testFAQSection" time="0.002">
    <skipped/>
  </testcase> <!-- testFAQSection -->
  <testcase classname="tests.FunctionalTests" name="testPartnerLogos" time="0.002">
    <skipped/>
  </testcase> <!-- testPartnerLogos -->
  <testcase classname="tests.FunctionalTests" name="testHowItWorksSection" time="0.001">
    <skipped/>
  </testcase> <!-- testHowItWorksSection -->
  <testcase classname="tests.FunctionalTests" name="testBenefitsSection" time="0.002">
    <skipped/>
  </testcase> <!-- testBenefitsSection -->
  <testcase classname="tests.FunctionalTests" name="testFormReset" time="0.003">
    <skipped/>
  </testcase> <!-- testFormReset -->
  <testcase classname="tests.FunctionalTests" name="testPageRefresh" time="0.000">
    <skipped/>
  </testcase> <!-- testPageRefresh -->
</testsuite> <!-- tests.FunctionalTests -->
